0 info it worked if it ends with ok
1 verbose cli [ '/usr/local/bin/node',
1 verbose cli   '/usr/local/bin/npm',
1 verbose cli   'run',
1 verbose cli   'publish-patch' ]
2 info using npm@2.11.3
3 info using node@v0.12.7
4 verbose node symlink /usr/local/bin/node
5 verbose run-script [ 'prepublish-patch', 'publish-patch', 'postpublish-patch' ]
6 info prepublish-patch asana-cache-local@1.3.1
7 info publish-patch asana-cache-local@1.3.1
8 verbose unsafe-perm in lifecycle true
9 info asana-cache-local@1.3.1 Failed to exec publish-patch script
10 verbose stack Error: asana-cache-local@1.3.1 publish-patch: `npm run preversion && npm version patch && git push origin master --tags && npm publish`
10 verbose stack Exit status 1
10 verbose stack     at EventEmitter.<anonymous> (/usr/local/lib/node_modules/npm/lib/utils/lifecycle.js:213:16)
10 verbose stack     at EventEmitter.emit (events.js:110:17)
10 verbose stack     at ChildProcess.<anonymous> (/usr/local/lib/node_modules/npm/lib/utils/spawn.js:24:14)
10 verbose stack     at ChildProcess.emit (events.js:110:17)
10 verbose stack     at maybeClose (child_process.js:1015:16)
10 verbose stack     at Process.ChildProcess._handle.onexit (child_process.js:1087:5)
11 verbose pkgid asana-cache-local@1.3.1
12 verbose cwd /Users/cdieringer/node/asana-cache-local
13 error Darwin 14.5.0
14 error argv "/usr/local/bin/node" "/usr/local/bin/npm" "run" "publish-patch"
15 error node v0.12.7
16 error npm  v2.11.3
17 error code ELIFECYCLE
18 error asana-cache-local@1.3.1 publish-patch: `npm run preversion && npm version patch && git push origin master --tags && npm publish`
18 error Exit status 1
19 error Failed at the asana-cache-local@1.3.1 publish-patch script 'npm run preversion && npm version patch && git push origin master --tags && npm publish'.
19 error This is most likely a problem with the asana-cache-local package,
19 error not with npm itself.
19 error Tell the author that this fails on your system:
19 error     npm run preversion && npm version patch && git push origin master --tags && npm publish
19 error You can get their info via:
19 error     npm owner ls asana-cache-local
19 error There is likely additional logging output above.
20 verbose exit [ 1, true ]
